core/build/outputs/logs/manifest-merger-debug-report.txt
-- Merging decision tree log ---
manifest
ADDED from src\main\AndroidManifest.xml:1:1-27:12
INJECTED from src\main\AndroidManifest.xml:1:1-27:12
INJECTED from src\main\AndroidManifest.xml:1:1-27:12
INJECTED from src\main\AndroidManifest.xml:1:1-27:12
INJECTED from src\main\AndroidManifest.xml:1:1-27:12
INJECTED from src\main\AndroidManifest.xml:1:1-27:12
INJECTED from src\main\AndroidManifest.xml:1:1-27:12
	package
		ADDED from src\main\AndroidManifest.xml:1:70-94
		INJECTED from src\main\AndroidManifest.xml
		INJECTED from src\main\AndroidManifest.xml
	android:versionName
		INJECTED from src\main\AndroidManifest.xml
		ADDED from src\main\AndroidManifest.xml:1:1-27:12
		INJECTED from src\main\AndroidManifest.xml
	android:versionCode
		INJECTED from src\main\AndroidManifest.xml
		ADDED from src\main\AndroidManifest.xml:1:1-27:12
		INJECTED from src\main\AndroidManifest.xml
	xmlns:android
		ADDED from src\main\AndroidManifest.xml:1:11-69
application
ADDED from src\main\AndroidManifest.xml:3:5-25:19
	android:supportsRtl
		ADDED from src\main\AndroidManifest.xml:4:9-35
	android:label
		ADDED from src\main\AndroidManifest.xml:3:45-77
	android:allowBackup
		ADDED from src\main\AndroidManifest.xml:3:18-44
activity#com.dk.mp.core.ui.HttpWebActivity
ADDED from src\main\AndroidManifest.xml:6:9-9:20
	android:screenOrientation
		ADDED from src\main\AndroidManifest.xml:7:13-49
	android:theme
		ADDED from src\main\AndroidManifest.xml:8:13-47
	android:name
		ADDED from src\main\AndroidManifest.xml:6:19-53
activity#com.dk.mp.core.login.LoginActivity
ADDED from src\main\AndroidManifest.xml:11:9-13:20
	android:theme
		ADDED from src\main\AndroidManifest.xml:12:13-47
	android:name
		ADDED from src\main\AndroidManifest.xml:11:19-54
activity#com.dk.mp.core.setting.ui.SettingActivity
ADDED from src\main\AndroidManifest.xml:15:9-17:20
	android:theme
		ADDED from src\main\AndroidManifest.xml:16:13-47
	android:name
		ADDED from src\main\AndroidManifest.xml:15:19-61
activity#com.dk.mp.core.setting.ui.UserInfoActivity
ADDED from src\main\AndroidManifest.xml:19:9-20:59
	android:theme
		ADDED from src\main\AndroidManifest.xml:20:13-47
	android:name
		ADDED from src\main\AndroidManifest.xml:19:19-62
activity#com.dk.mp.core.setting.ui.AboutActivity
ADDED from src\main\AndroidManifest.xml:22:9-23:59
	android:theme
		ADDED from src\main\AndroidManifest.xml:23:13-47
	android:name
		ADDED from src\main\AndroidManifest.xml:22:19-59
uses-sdk
INJECTED from src\main\AndroidManifest.xml reason: use-sdk injection requested
INJECTED from src\main\AndroidManifest.xml
INJECTED from src\main\AndroidManifest.xml
INJECTED from src\main\AndroidManifest.xml
INJECTED from src\main\AndroidManifest.xml
	android:targetSdkVersion
		INJECTED from src\main\AndroidManifest.xml
		ADDED from src\main\AndroidManifest.xml
		INJECTED from src\main\AndroidManifest.xml
	android:minSdkVersion
		INJECTED from src\main\AndroidManifest.xml
		ADDED from src\main\AndroidManifest.xml
		INJECTED from src\main\AndroidManifest.xml